vocab_builder v0.1.0 (C:\Users\mal\git\vocab-builder-ui\src-tauri)
├── dotenvs v0.1.0
│   └── nom v7.1.3
│       ├── memchr v2.7.4
│       └── minimal-lexical v0.2.1
├── env_logger v0.9.3
│   ├── atty v0.2.14
│   │   └── winapi v0.3.9
│   ├── humantime v2.1.0
│   ├── log v0.4.22
│   ├── regex v1.10.6
│   │   ├── aho-corasick v1.1.3
│   │   │   └── memchr v2.7.4
│   │   ├── memchr v2.7.4
│   │   ├── regex-automata v0.4.7
│   │   │   ├── aho-corasick v1.1.3 (*)
│   │   │   ├── memchr v2.7.4
│   │   │   └── regex-syntax v0.8.4
│   │   └── regex-syntax v0.8.4
│   └── termcolor v1.4.1
│       └── winapi-util v0.1.9
│           └── windows-sys v0.59.0
│               └── windows-targets v0.52.6
│                   └── windows_x86_64_msvc v0.52.6
├── fix-path-env v0.0.0 (https://github.com/tauri-apps/fix-path-env-rs#8481725b)
│   └── thiserror v1.0.63
│       └── thiserror-impl v1.0.63 (proc-macro)
│           ├── proc-macro2 v1.0.86
│           │   └── unicode-ident v1.0.13
│           ├── quote v1.0.37
│           │   └── proc-macro2 v1.0.86 (*)
│           └── syn v2.0.77
│               ├── proc-macro2 v1.0.86 (*)
│               ├── quote v1.0.37 (*)
│               └── unicode-ident v1.0.13
├── log v0.4.22
├── serde v1.0.210
│   └── serde_derive v1.0.210 (proc-macro)
│       ├── proc-macro2 v1.0.86 (*)
│       ├── quote v1.0.37 (*)
│       └── syn v2.0.77 (*)
├── serde_json v1.0.128
│   ├── indexmap v2.5.0
│   │   ├── equivalent v1.0.1
│   │   └── hashbrown v0.14.5
│   ├── itoa v1.0.11
│   ├── memchr v2.7.4
│   ├── ryu v1.0.18
│   └── serde v1.0.210 (*)
├── tauri v1.6.2
│   ├── anyhow v1.0.89
│   ├── bytes v1.7.2
│   │   └── serde v1.0.210 (*)
│   ├── dirs-next v2.0.0
│   │   ├── cfg-if v1.0.0
│   │   └── dirs-sys-next v0.1.2
│   │       └── winapi v0.3.9
│   ├── dunce v1.0.5
│   ├── encoding_rs v0.8.34
│   │   └── cfg-if v1.0.0
│   ├── flate2 v1.0.33
│   │   ├── crc32fast v1.4.2
│   │   │   └── cfg-if v1.0.0
│   │   └── miniz_oxide v0.8.0
│   │       └── adler2 v2.0.0
│   ├── futures-util v0.3.30
│   │   ├── futures-core v0.3.30
│   │   ├── futures-macro v0.3.30 (proc-macro)
│   │   │   ├── proc-macro2 v1.0.86 (*)
│   │   │   ├── quote v1.0.37 (*)
│   │   │   └── syn v2.0.77 (*)
│   │   ├── futures-task v0.3.30
│   │   ├── pin-project-lite v0.2.14
│   │   ├── pin-utils v0.1.0
│   │   └── slab v0.4.9
│   │       [build-dependencies]
│   │       └── autocfg v1.3.0
│   ├── glob v0.3.1
│   ├── http v0.2.12
│   │   ├── bytes v1.7.2 (*)
│   │   ├── fnv v1.0.7
│   │   └── itoa v1.0.11
│   ├── ignore v0.4.23
│   │   ├── crossbeam-deque v0.8.5
│   │   │   ├── crossbeam-epoch v0.9.18
│   │   │   │   └── crossbeam-utils v0.8.20
│   │   │   └── crossbeam-utils v0.8.20
│   │   ├── globset v0.4.15
│   │   │   ├── aho-corasick v1.1.3 (*)
│   │   │   ├── bstr v1.10.0
│   │   │   │   └── memchr v2.7.4
│   │   │   ├── log v0.4.22
│   │   │   ├── regex-automata v0.4.7 (*)
│   │   │   └── regex-syntax v0.8.4
│   │   ├── log v0.4.22
│   │   ├── memchr v2.7.4
│   │   ├── regex-automata v0.4.7 (*)
│   │   ├── same-file v1.0.6
│   │   │   └── winapi-util v0.1.9 (*)
│   │   ├── walkdir v2.5.0
│   │   │   ├── same-file v1.0.6 (*)
│   │   │   └── winapi-util v0.1.9 (*)
│   │   └── winapi-util v0.1.9 (*)
│   ├── indexmap v1.9.3
│   │   ├── hashbrown v0.12.3
│   │   └── serde v1.0.210 (*)
│   │   [build-dependencies]
│   │   └── autocfg v1.3.0
│   ├── once_cell v1.19.0
│   ├── os_pipe v1.2.1
│   │   └── windows-sys v0.59.0 (*)
│   ├── percent-encoding v2.3.1
│   ├── rand v0.8.5
│   │   ├── rand_chacha v0.3.1
│   │   │   ├── ppv-lite86 v0.2.20
│   │   │   │   └── zerocopy v0.7.35
│   │   │   │       ├── byteorder v1.5.0
│   │   │   │       └── zerocopy-derive v0.7.35 (proc-macro)
│   │   │   │           ├── proc-macro2 v1.0.86 (*)
│   │   │   │           ├── quote v1.0.37 (*)
│   │   │   │           └── syn v2.0.77 (*)
│   │   │   └── rand_core v0.6.4
│   │   │       └── getrandom v0.2.15
│   │   │           └── cfg-if v1.0.0
│   │   └── rand_core v0.6.4 (*)
│   ├── raw-window-handle v0.5.2
│   ├── regex v1.10.6 (*)
│   ├── reqwest v0.11.27
│   │   ├── base64 v0.21.7
│   │   ├── bytes v1.7.2 (*)
│   │   ├── encoding_rs v0.8.34 (*)
│   │   ├── futures-core v0.3.30
│   │   ├── futures-util v0.3.30 (*)
│   │   ├── h2 v0.3.26
│   │   │   ├── bytes v1.7.2 (*)
│   │   │   ├── fnv v1.0.7
│   │   │   ├── futures-core v0.3.30
│   │   │   ├── futures-sink v0.3.30
│   │   │   ├── futures-util v0.3.30 (*)
│   │   │   ├── http v0.2.12 (*)
│   │   │   ├── indexmap v2.5.0 (*)
│   │   │   ├── slab v0.4.9 (*)
│   │   │   ├── tokio v1.39.3
│   │   │   │   ├── bytes v1.7.2 (*)
│   │   │   │   ├── mio v1.0.2
│   │   │   │   │   └── windows-sys v0.52.0
│   │   │   │   │       └── windows-targets v0.52.6 (*)
│   │   │   │   ├── pin-project-lite v0.2.14
│   │   │   │   ├── socket2 v0.5.7
│   │   │   │   │   └── windows-sys v0.52.0 (*)
│   │   │   │   └── windows-sys v0.52.0 (*)
│   │   │   ├── tokio-util v0.7.12
│   │   │   │   ├── bytes v1.7.2 (*)
│   │   │   │   ├── futures-core v0.3.30
│   │   │   │   ├── futures-sink v0.3.30
│   │   │   │   ├── pin-project-lite v0.2.14
│   │   │   │   └── tokio v1.39.3 (*)
│   │   │   └── tracing v0.1.40
│   │   │       ├── pin-project-lite v0.2.14
│   │   │       └── tracing-core v0.1.32
│   │   │           └── once_cell v1.19.0
│   │   ├── http v0.2.12 (*)
│   │   ├── http-body v0.4.6
│   │   │   ├── bytes v1.7.2 (*)
│   │   │   ├── http v0.2.12 (*)
│   │   │   └── pin-project-lite v0.2.14
│   │   ├── hyper v0.14.30
│   │   │   ├── bytes v1.7.2 (*)
│   │   │   ├── futures-channel v0.3.30
│   │   │   │   └── futures-core v0.3.30
│   │   │   ├── futures-core v0.3.30
│   │   │   ├── futures-util v0.3.30 (*)
│   │   │   ├── h2 v0.3.26 (*)
│   │   │   ├── http v0.2.12 (*)
│   │   │   ├── http-body v0.4.6 (*)
│   │   │   ├── httparse v1.9.4
│   │   │   ├── httpdate v1.0.3
│   │   │   ├── itoa v1.0.11
│   │   │   ├── pin-project-lite v0.2.14
│   │   │   ├── socket2 v0.5.7 (*)
│   │   │   ├── tokio v1.39.3 (*)
│   │   │   ├── tower-service v0.3.3
│   │   │   ├── tracing v0.1.40 (*)
│   │   │   └── want v0.3.1
│   │   │       └── try-lock v0.2.5
│   │   ├── hyper-tls v0.5.0
│   │   │   ├── bytes v1.7.2 (*)
│   │   │   ├── hyper v0.14.30 (*)
│   │   │   ├── native-tls v0.2.12
│   │   │   │   └── schannel v0.1.24
│   │   │   │       └── windows-sys v0.59.0 (*)
│   │   │   ├── tokio v1.39.3 (*)
│   │   │   └── tokio-native-tls v0.3.1
│   │   │       ├── native-tls v0.2.12 (*)
│   │   │       └── tokio v1.39.3 (*)
│   │   ├── ipnet v2.10.0
│   │   ├── log v0.4.22
│   │   ├── mime v0.3.17
│   │   ├── native-tls v0.2.12 (*)
│   │   ├── once_cell v1.19.0
│   │   ├── percent-encoding v2.3.1
│   │   ├── pin-project-lite v0.2.14
│   │   ├── rustls-pemfile v1.0.4
│   │   │   └── base64 v0.21.7
│   │   ├── serde v1.0.210 (*)
│   │   ├── serde_json v1.0.128 (*)
│   │   ├── serde_urlencoded v0.7.1
│   │   │   ├── form_urlencoded v1.2.1
│   │   │   │   └── percent-encoding v2.3.1
│   │   │   ├── itoa v1.0.11
│   │   │   ├── ryu v1.0.18
│   │   │   └── serde v1.0.210 (*)
│   │   ├── sync_wrapper v0.1.2
│   │   ├── tokio v1.39.3 (*)
│   │   ├── tokio-native-tls v0.3.1 (*)
│   │   ├── tokio-util v0.7.12 (*)
│   │   ├── tower-service v0.3.3
│   │   ├── url v2.5.2
│   │   │   ├── form_urlencoded v1.2.1 (*)
│   │   │   ├── idna v0.5.0
│   │   │   │   ├── unicode-bidi v0.3.15
│   │   │   │   └── unicode-normalization v0.1.24
│   │   │   │       └── tinyvec v1.8.0
│   │   │   │           └── tinyvec_macros v0.1.1
│   │   │   ├── percent-encoding v2.3.1
│   │   │   └── serde v1.0.210 (*)
│   │   └── winreg v0.50.0
│   │       ├── cfg-if v1.0.0
│   │       └── windows-sys v0.48.0
│   │           └── windows-targets v0.48.5
│   │               └── windows_x86_64_msvc v0.48.5
│   ├── semver v1.0.23
│   │   └── serde v1.0.210 (*)
│   ├── serde v1.0.210 (*)
│   ├── serde_json v1.0.128 (*)
│   ├── serde_repr v0.1.19 (proc-macro)
│   │   ├── proc-macro2 v1.0.86 (*)
│   │   ├── quote v1.0.37 (*)
│   │   └── syn v2.0.77 (*)
│   ├── serialize-to-javascript v0.1.1
│   │   ├── serde v1.0.210 (*)
│   │   ├── serde_json v1.0.128 (*)
│   │   └── serialize-to-javascript-impl v0.1.1 (proc-macro)
│   │       ├── proc-macro2 v1.0.86 (*)
│   │       ├── quote v1.0.37 (*)
│   │       └── syn v1.0.109
│   │           ├── proc-macro2 v1.0.86 (*)
│   │           ├── quote v1.0.37 (*)
│   │           └── unicode-ident v1.0.13
│   ├── shared_child v1.0.1
│   │   └── windows-sys v0.59.0 (*)
│   ├── state v0.5.3
│   ├── tar v0.4.41
│   │   └── filetime v0.2.25
│   │       ├── cfg-if v1.0.0
│   │       └── windows-sys v0.59.0 (*)
│   ├── tauri-macros v1.4.6 (proc-macro)
│   │   ├── heck v0.5.0
│   │   ├── proc-macro2 v1.0.86 (*)
│   │   ├── quote v1.0.37 (*)
│   │   ├── syn v1.0.109 (*)
│   │   ├── tauri-codegen v1.4.5
│   │   │   ├── base64 v0.21.7
│   │   │   ├── brotli v6.0.0
│   │   │   │   ├── alloc-no-stdlib v2.0.4
│   │   │   │   ├── alloc-stdlib v0.2.2
│   │   │   │   │   └── alloc-no-stdlib v2.0.4
│   │   │   │   └── brotli-decompressor v4.0.1
│   │   │   │       ├── alloc-no-stdlib v2.0.4
│   │   │   │       └── alloc-stdlib v0.2.2 (*)
│   │   │   ├── ico v0.3.0
│   │   │   │   ├── byteorder v1.5.0
│   │   │   │   └── png v0.17.13
│   │   │   │       ├── bitflags v1.3.2
│   │   │   │       ├── crc32fast v1.4.2 (*)
│   │   │   │       ├── fdeflate v0.3.4
│   │   │   │       │   └── simd-adler32 v0.3.7
│   │   │   │       ├── flate2 v1.0.33 (*)
│   │   │   │       └── miniz_oxide v0.7.4
│   │   │   │           ├── adler v1.0.2
│   │   │   │           └── simd-adler32 v0.3.7
│   │   │   ├── json-patch v2.0.0
│   │   │   │   ├── jsonptr v0.4.7
│   │   │   │   │   ├── serde v1.0.210 (*)
│   │   │   │   │   └── serde_json v1.0.128
│   │   │   │   │       ├── itoa v1.0.11
│   │   │   │   │       ├── memchr v2.7.4
│   │   │   │   │       ├── ryu v1.0.18
│   │   │   │   │       └── serde v1.0.210 (*)
│   │   │   │   ├── serde v1.0.210 (*)
│   │   │   │   ├── serde_json v1.0.128 (*)
│   │   │   │   └── thiserror v1.0.63 (*)
│   │   │   ├── png v0.17.13 (*)
│   │   │   ├── proc-macro2 v1.0.86 (*)
│   │   │   ├── quote v1.0.37 (*)
│   │   │   ├── regex v1.10.6 (*)
│   │   │   ├── semver v1.0.23
│   │   │   ├── serde v1.0.210 (*)
│   │   │   ├── serde_json v1.0.128 (*)
│   │   │   ├── sha2 v0.10.8
│   │   │   │   ├── cfg-if v1.0.0
│   │   │   │   ├── cpufeatures v0.2.14
│   │   │   │   └── digest v0.10.7
│   │   │   │       ├── block-buffer v0.10.4
│   │   │   │       │   └── generic-array v0.14.7
│   │   │   │       │       └── typenum v1.17.0
│   │   │   │       │       [build-dependencies]
│   │   │   │       │       └── version_check v0.9.5
│   │   │   │       └── crypto-common v0.1.6
│   │   │   │           ├── generic-array v0.14.7 (*)
│   │   │   │           └── typenum v1.17.0
│   │   │   ├── tauri-utils v1.6.1
│   │   │   │   ├── brotli v6.0.0 (*)
│   │   │   │   ├── ctor v0.2.8 (proc-macro)
│   │   │   │   │   ├── quote v1.0.37 (*)
│   │   │   │   │   └── syn v2.0.77 (*)
│   │   │   │   ├── dunce v1.0.5
│   │   │   │   ├── html5ever v0.26.0
│   │   │   │   │   ├── log v0.4.22
│   │   │   │   │   ├── mac v0.1.1
│   │   │   │   │   └── markup5ever v0.11.0
│   │   │   │   │       ├── log v0.4.22
│   │   │   │   │       ├── phf v0.10.1
│   │   │   │   │       │   └── phf_shared v0.10.0
│   │   │   │   │       │       └── siphasher v0.3.11
│   │   │   │   │       ├── string_cache v0.8.7
│   │   │   │   │       │   ├── new_debug_unreachable v1.0.6
│   │   │   │   │       │   ├── once_cell v1.19.0
│   │   │   │   │       │   ├── parking_lot v0.12.3
│   │   │   │   │       │   │   ├── lock_api v0.4.12
│   │   │   │   │       │   │   │   └── scopeguard v1.2.0
│   │   │   │   │       │   │   │   [build-dependencies]
│   │   │   │   │       │   │   │   └── autocfg v1.3.0
│   │   │   │   │       │   │   └── parking_lot_core v0.9.10
│   │   │   │   │       │   │       ├── cfg-if v1.0.0
│   │   │   │   │       │   │       ├── smallvec v1.13.2
│   │   │   │   │       │   │       └── windows-targets v0.52.6 (*)
│   │   │   │   │       │   ├── phf_shared v0.10.0 (*)
│   │   │   │   │       │   ├── precomputed-hash v0.1.1
│   │   │   │   │       │   └── serde v1.0.210 (*)
│   │   │   │   │       └── tendril v0.4.3
│   │   │   │   │           ├── futf v0.1.5
│   │   │   │   │           │   ├── mac v0.1.1
│   │   │   │   │           │   └── new_debug_unreachable v1.0.6
│   │   │   │   │           ├── mac v0.1.1
│   │   │   │   │           └── utf-8 v0.7.6
│   │   │   │   │       [build-dependencies]
│   │   │   │   │       ├── phf_codegen v0.10.0
│   │   │   │   │       │   ├── phf_generator v0.10.0
│   │   │   │   │       │   │   ├── phf_shared v0.10.0 (*)
│   │   │   │   │       │   │   └── rand v0.8.5
│   │   │   │   │       │   │       ├── rand_chacha v0.3.1 (*)
│   │   │   │   │       │   │       └── rand_core v0.6.4 (*)
│   │   │   │   │       │   └── phf_shared v0.10.0 (*)
│   │   │   │   │       └── string_cache_codegen v0.5.2
│   │   │   │   │           ├── phf_generator v0.10.0 (*)
│   │   │   │   │           ├── phf_shared v0.10.0 (*)
│   │   │   │   │           ├── proc-macro2 v1.0.86 (*)
│   │   │   │   │           └── quote v1.0.37 (*)
│   │   │   │   │   [build-dependencies]
│   │   │   │   │   ├── proc-macro2 v1.0.86 (*)
│   │   │   │   │   ├── quote v1.0.37 (*)
│   │   │   │   │   └── syn v1.0.109 (*)
│   │   │   │   ├── infer v0.13.0
│   │   │   │   │   └── cfb v0.7.3
│   │   │   │   │       ├── byteorder v1.5.0
│   │   │   │   │       ├── fnv v1.0.7
│   │   │   │   │       └── uuid v1.10.0
│   │   │   │   │           └── getrandom v0.2.15 (*)
│   │   │   │   ├── json-patch v2.0.0 (*)
│   │   │   │   ├── kuchikiki v0.8.2
│   │   │   │   │   ├── cssparser v0.27.2
│   │   │   │   │   │   ├── cssparser-macros v0.6.1 (proc-macro)
│   │   │   │   │   │   │   ├── quote v1.0.37 (*)
│   │   │   │   │   │   │   └── syn v2.0.77 (*)
│   │   │   │   │   │   ├── dtoa-short v0.3.5
│   │   │   │   │   │   │   └── dtoa v1.0.9
│   │   │   │   │   │   ├── itoa v0.4.8
│   │   │   │   │   │   ├── matches v0.1.10
│   │   │   │   │   │   ├── phf v0.8.0
│   │   │   │   │   │   │   ├── phf_macros v0.8.0 (proc-macro)
│   │   │   │   │   │   │   │   ├── phf_generator v0.8.0
│   │   │   │   │   │   │   │   │   ├── phf_shared v0.8.0
│   │   │   │   │   │   │   │   │   │   └── siphasher v0.3.11
│   │   │   │   │   │   │   │   │   └── rand v0.7.3
│   │   │   │   │   │   │   │   │       ├── getrandom v0.1.16
│   │   │   │   │   │   │   │   │       │   └── cfg-if v1.0.0
│   │   │   │   │   │   │   │   │       ├── rand_chacha v0.2.2
│   │   │   │   │   │   │   │   │       │   ├── ppv-lite86 v0.2.20 (*)
│   │   │   │   │   │   │   │   │       │   └── rand_core v0.5.1
│   │   │   │   │   │   │   │   │       │       └── getrandom v0.1.16 (*)
│   │   │   │   │   │   │   │   │       ├── rand_core v0.5.1 (*)
│   │   │   │   │   │   │   │   │       └── rand_pcg v0.2.1
│   │   │   │   │   │   │   │   │           └── rand_core v0.5.1 (*)
│   │   │   │   │   │   │   │   ├── phf_shared v0.8.0 (*)
│   │   │   │   │   │   │   │   ├── proc-macro-hack v0.5.20+deprecated (proc-macro)
│   │   │   │   │   │   │   │   ├── proc-macro2 v1.0.86 (*)
│   │   │   │   │   │   │   │   ├── quote v1.0.37 (*)
│   │   │   │   │   │   │   │   └── syn v1.0.109 (*)
│   │   │   │   │   │   │   ├── phf_shared v0.8.0 (*)
│   │   │   │   │   │   │   └── proc-macro-hack v0.5.20+deprecated (proc-macro)
│   │   │   │   │   │   └── smallvec v1.13.2
│   │   │   │   │   │   [build-dependencies]
│   │   │   │   │   │   ├── proc-macro2 v1.0.86 (*)
│   │   │   │   │   │   ├── quote v1.0.37 (*)
│   │   │   │   │   │   └── syn v1.0.109 (*)
│   │   │   │   │   ├── html5ever v0.26.0 (*)
│   │   │   │   │   ├── indexmap v1.9.3
│   │   │   │   │   │   └── hashbrown v0.12.3
│   │   │   │   │   │   [build-dependencies]
│   │   │   │   │   │   └── autocfg v1.3.0
│   │   │   │   │   ├── matches v0.1.10
│   │   │   │   │   └── selectors v0.22.0
│   │   │   │   │       ├── bitflags v1.3.2
│   │   │   │   │       ├── cssparser v0.27.2 (*)
│   │   │   │   │       ├── derive_more v0.99.18 (proc-macro)
│   │   │   │   │       │   ├── convert_case v0.4.0
│   │   │   │   │       │   ├── proc-macro2 v1.0.86 (*)
│   │   │   │   │       │   ├── quote v1.0.37 (*)
│   │   │   │   │       │   └── syn v2.0.77 (*)
│   │   │   │   │       │   [build-dependencies]
│   │   │   │   │       │   └── rustc_version v0.4.1
│   │   │   │   │       │       └── semver v1.0.23
│   │   │   │   │       ├── fxhash v0.2.1
│   │   │   │   │       │   └── byteorder v1.5.0
│   │   │   │   │       ├── log v0.4.22
│   │   │   │   │       ├── matches v0.1.10
│   │   │   │   │       ├── phf v0.8.0 (*)
│   │   │   │   │       ├── precomputed-hash v0.1.1
│   │   │   │   │       ├── servo_arc v0.1.1
│   │   │   │   │       │   ├── nodrop v0.1.14
│   │   │   │   │       │   └── stable_deref_trait v1.2.0
│   │   │   │   │       ├── smallvec v1.13.2
│   │   │   │   │       └── thin-slice v0.1.1
│   │   │   │   │       [build-dependencies]
│   │   │   │   │       └── phf_codegen v0.8.0
│   │   │   │   │           ├── phf_generator v0.8.0 (*)
│   │   │   │   │           └── phf_shared v0.8.0 (*)
│   │   │   │   ├── log v0.4.22
│   │   │   │   ├── memchr v2.7.4
│   │   │   │   ├── phf v0.11.2
│   │   │   │   │   ├── phf_macros v0.11.2 (proc-macro)
│   │   │   │   │   │   ├── phf_generator v0.11.2
│   │   │   │   │   │   │   ├── phf_shared v0.11.2
│   │   │   │   │   │   │   │   └── siphasher v0.3.11
│   │   │   │   │   │   │   └── rand v0.8.5 (*)
│   │   │   │   │   │   ├── phf_shared v0.11.2 (*)
│   │   │   │   │   │   ├── proc-macro2 v1.0.86 (*)
│   │   │   │   │   │   ├── quote v1.0.37 (*)
│   │   │   │   │   │   └── syn v2.0.77 (*)
│   │   │   │   │   └── phf_shared v0.11.2 (*)
│   │   │   │   ├── proc-macro2 v1.0.86 (*)
│   │   │   │   ├── quote v1.0.37 (*)
│   │   │   │   ├── semver v1.0.23
│   │   │   │   ├── serde v1.0.210 (*)
│   │   │   │   ├── serde_json v1.0.128 (*)
│   │   │   │   ├── serde_with v3.9.0
│   │   │   │   │   ├── serde v1.0.210 (*)
│   │   │   │   │   ├── serde_derive v1.0.210 (proc-macro) (*)
│   │   │   │   │   └── serde_with_macros v3.9.0 (proc-macro)
│   │   │   │   │       ├── darling v0.20.10
│   │   │   │   │       │   ├── darling_core v0.20.10
│   │   │   │   │       │   │   ├── fnv v1.0.7
│   │   │   │   │       │   │   ├── ident_case v1.0.1
│   │   │   │   │       │   │   ├── proc-macro2 v1.0.86 (*)
│   │   │   │   │       │   │   ├── quote v1.0.37 (*)
│   │   │   │   │       │   │   ├── strsim v0.11.1
│   │   │   │   │       │   │   └── syn v2.0.77 (*)
│   │   │   │   │       │   └── darling_macro v0.20.10 (proc-macro)
│   │   │   │   │       │       ├── darling_core v0.20.10 (*)
│   │   │   │   │       │       ├── quote v1.0.37 (*)
│   │   │   │   │       │       └── syn v2.0.77 (*)
│   │   │   │   │       ├── proc-macro2 v1.0.86 (*)
│   │   │   │   │       ├── quote v1.0.37 (*)
│   │   │   │   │       └── syn v2.0.77 (*)
│   │   │   │   ├── thiserror v1.0.63 (*)
│   │   │   │   ├── url v2.5.2 (*)
│   │   │   │   └── windows-version v0.1.1
│   │   │   │       └── windows-targets v0.52.6 (*)
│   │   │   ├── thiserror v1.0.63 (*)
│   │   │   ├── uuid v1.10.0 (*)
│   │   │   └── walkdir v2.5.0 (*)
│   │   └── tauri-utils v1.6.1 (*)
│   ├── tauri-runtime v0.14.5
│   │   ├── http v0.2.12 (*)
│   │   ├── http-range v0.1.5
│   │   ├── rand v0.8.5 (*)
│   │   ├── raw-window-handle v0.5.2
│   │   ├── serde v1.0.210 (*)
│   │   ├── serde_json v1.0.128 (*)
│   │   ├── tauri-utils v1.6.1
│   │   │   ├── brotli v6.0.0 (*)
│   │   │   ├── ctor v0.2.8 (proc-macro) (*)
│   │   │   ├── dunce v1.0.5
│   │   │   ├── glob v0.3.1
│   │   │   ├── html5ever v0.26.0 (*)
│   │   │   ├── infer v0.13.0 (*)
│   │   │   ├── json-patch v2.0.0 (*)
│   │   │   ├── kuchikiki v0.8.2 (*)
│   │   │   ├── log v0.4.22
│   │   │   ├── memchr v2.7.4
│   │   │   ├── phf v0.11.2 (*)
│   │   │   ├── semver v1.0.23 (*)
│   │   │   ├── serde v1.0.210 (*)
│   │   │   ├── serde_json v1.0.128 (*)
│   │   │   ├── serde_with v3.9.0 (*)
│   │   │   ├── thiserror v1.0.63 (*)
│   │   │   ├── url v2.5.2 (*)
│   │   │   ├── walkdir v2.5.0 (*)
│   │   │   └── windows-version v0.1.1 (*)
│   │   ├── thiserror v1.0.63 (*)
│   │   ├── url v2.5.2 (*)
│   │   ├── uuid v1.10.0 (*)
│   │   ├── webview2-com v0.19.1
│   │   │   ├── webview2-com-macros v0.6.0 (proc-macro)
│   │   │   │   ├── proc-macro2 v1.0.86 (*)
│   │   │   │   ├── quote v1.0.37 (*)
│   │   │   │   └── syn v1.0.109 (*)
│   │   │   ├── webview2-com-sys v0.19.0
│   │   │   │   └── windows v0.39.0
│   │   │   │       ├── windows-implement v0.39.0 (proc-macro)
│   │   │   │       │   ├── syn v1.0.109 (*)
│   │   │   │       │   └── windows-tokens v0.39.0
│   │   │   │       └── windows_x86_64_msvc v0.39.0
│   │   │   │   [build-dependencies]
│   │   │   │   ├── regex v1.10.6 (*)
│   │   │   │   ├── serde v1.0.210 (*)
│   │   │   │   ├── serde_json v1.0.128 (*)
│   │   │   │   ├── thiserror v1.0.63 (*)
│   │   │   │   ├── windows-bindgen v0.39.0
│   │   │   │   │   ├── windows-metadata v0.39.0
│   │   │   │   │   └── windows-tokens v0.39.0
│   │   │   │   └── windows-metadata v0.39.0
│   │   │   ├── windows v0.39.0 (*)
│   │   │   └── windows-implement v0.39.0 (proc-macro) (*)
│   │   └── windows v0.39.0 (*)
│   ├── tauri-runtime-wry v0.14.10
│   │   ├── rand v0.8.5 (*)
│   │   ├── raw-window-handle v0.5.2
│   │   ├── tauri-runtime v0.14.5 (*)
│   │   ├── tauri-utils v1.6.1 (*)
│   │   ├── uuid v1.10.0 (*)
│   │   ├── webview2-com v0.19.1 (*)
│   │   ├── windows v0.39.0 (*)
│   │   └── wry v0.24.11
│   │       ├── dunce v1.0.5
│   │       ├── http v0.2.12 (*)
│   │       ├── libc v0.2.158
│   │       ├── log v0.4.22
│   │       ├── once_cell v1.19.0
│   │       ├── serde v1.0.210 (*)
│   │       ├── serde_json v1.0.128 (*)
│   │       ├── tao v0.16.10
│   │       │   ├── bitflags v1.3.2
│   │       │   ├── crossbeam-channel v0.5.13
│   │       │   │   └── crossbeam-utils v0.8.20
│   │       │   ├── image v0.24.9
│   │       │   │   ├── bytemuck v1.18.0
│   │       │   │   ├── byteorder v1.5.0
│   │       │   │   ├── color_quant v1.1.0
│   │       │   │   └── num-traits v0.2.19
│   │       │   │       [build-dependencies]
│   │       │   │       └── autocfg v1.3.0
│   │       │   ├── instant v0.1.13
│   │       │   │   └── cfg-if v1.0.0
│   │       │   ├── lazy_static v1.5.0
│   │       │   ├── libc v0.2.158
│   │       │   ├── log v0.4.22
│   │       │   ├── parking_lot v0.12.3 (*)
│   │       │   ├── raw-window-handle v0.5.2
│   │       │   ├── serde v1.0.210 (*)
│   │       │   ├── unicode-segmentation v1.12.0
│   │       │   ├── windows v0.39.0 (*)
│   │       │   └── windows-implement v0.39.0 (proc-macro) (*)
│   │       │   [build-dependencies]
│   │       │   └── cc v1.1.21
│   │       │       └── shlex v1.3.0
│   │       ├── thiserror v1.0.63 (*)
│   │       ├── url v2.5.2 (*)
│   │       ├── webview2-com v0.19.1 (*)
│   │       ├── windows v0.39.0 (*)
│   │       └── windows-implement v0.39.0 (proc-macro) (*)
│   ├── tauri-utils v1.6.1 (*)
│   ├── tempfile v3.12.0
│   │   ├── cfg-if v1.0.0
│   │   ├── fastrand v2.1.1
│   │   ├── once_cell v1.19.0
│   │   └── windows-sys v0.59.0 (*)
│   ├── thiserror v1.0.63 (*)
│   ├── tokio v1.39.3 (*)
│   ├── url v2.5.2 (*)
│   ├── uuid v1.10.0 (*)
│   ├── webview2-com v0.19.1 (*)
│   └── windows v0.39.0 (*)
│   [build-dependencies]
│   ├── heck v0.5.0
│   └── once_cell v1.19.0
├── tokio v1.39.3 (*)
└── winapi v0.3.9
